2023-08-11 21:03:39,488 - INFO - [Model_1_1] start
2023-08-11 21:03:39,517 - INFO - [Model_1_1] input_video_path: ../input_videos/video_1.mp4
2023-08-11 21:03:39,518 - INFO - [Model_1_1] output_video_path: ../output_videos/processed_video_1.mp4
2023-08-11 21:03:39,886 - INFO - [Model_1_2] start
2023-08-11 21:03:42,293 - INFO - [Model_1_1] frame_filename: output_frames_video_1/frame_2.jpg
2023-08-11 21:03:46,768 - INFO - [Model_1_2] input_video_path: ../input_videos/video_2.mp4
2023-08-11 21:03:46,769 - INFO - [Model_1_2] output_video_path: ../output_videos/processed_video_2.mp4
2023-08-11 21:03:46,777 - INFO - [Model_1_1] rate: 0.138
2023-08-11 21:03:46,884 - INFO - [Model_1_2] frame_filename: output_frames_video_2/frame_1.jpg
2023-08-11 21:03:47,294 - INFO - [Model_1_1] frame_filename: output_frames_video_1/frame_96.jpg
2023-08-11 21:03:51,914 - INFO - [Model_1_2] frame_filename: output_frames_video_2/frame_18.jpg
2023-08-11 21:03:52,297 - INFO - [Model_1_1] frame_filename: output_frames_video_1/frame_167.jpg
2023-08-11 21:03:56,966 - INFO - [Model_1_2] frame_filename: output_frames_video_2/frame_62.jpg
2023-08-11 21:03:57,336 - INFO - [Model_1_1] frame_filename: output_frames_video_1/frame_238.jpg
2023-08-11 21:04:02,007 - INFO - [Model_1_2] frame_filename: output_frames_video_2/frame_119.jpg
2023-08-11 21:04:06,787 - INFO - [Model_1_1] input_video_path: ../input_videos/video_3.mp4
2023-08-11 21:04:06,787 - INFO - [Model_1_1] output_video_path: ../output_videos/processed_video_3.mp4
2023-08-11 21:04:06,796 - INFO - [Model_1_1] rate: 0.05
2023-08-11 21:04:06,832 - INFO - [Model_1_1] frame_filename: output_frames_video_3/frame_1.jpg
2023-08-11 21:04:07,063 - INFO - [Model_1_2] frame_filename: output_frames_video_2/frame_180.jpg
2023-08-11 21:04:11,893 - INFO - [Model_1_1] frame_filename: output_frames_video_3/frame_51.jpg
2023-08-11 21:04:12,146 - INFO - [Model_1_2] frame_filename: output_frames_video_2/frame_220.jpg
2023-08-11 21:04:22,803 - INFO - [Model_1_2] input_video_path: ../input_videos/video_4.mp4
2023-08-11 21:04:22,804 - INFO - [Model_1_2] output_video_path: ../output_videos/processed_video_4.mp4
2023-08-11 21:04:22,814 - INFO - [Model_1_1] rate: 0.062
2023-08-11 21:04:22,900 - INFO - [Model_1_2] frame_filename: output_frames_video_4/frame_1.jpg
2023-08-11 21:04:28,223 - INFO - [Model_1_2] frame_filename: output_frames_video_4/frame_17.jpg
2023-08-11 21:04:33,352 - INFO - [Model_1_2] frame_filename: output_frames_video_4/frame_41.jpg
2023-08-11 21:04:38,586 - INFO - [Model_1_2] frame_filename: output_frames_video_4/frame_67.jpg
2023-08-11 21:04:39,818 - INFO - [Model_1_1] input_video_path: ../input_videos/video_5.mp4
2023-08-11 21:04:39,819 - INFO - [Model_1_1] output_video_path: ../output_videos/processed_video_5.mp4
2023-08-11 21:04:39,820 - INFO - [Model_1_1] rate: 0.059
2023-08-11 21:04:39,922 - INFO - [Model_1_1] frame_filename: output_frames_video_5/frame_1.jpg
2023-08-11 21:04:43,813 - INFO - [Model_1_2] frame_filename: output_frames_video_4/frame_92.jpg
2023-08-11 21:04:45,177 - INFO - [Model_1_1] frame_filename: output_frames_video_5/frame_18.jpg
2023-08-11 21:04:49,008 - INFO - [Model_1_2] frame_filename: output_frames_video_4/frame_113.jpg
2023-08-11 21:04:50,549 - INFO - [Model_1_1] frame_filename: output_frames_video_5/frame_32.jpg
2023-08-11 21:04:54,189 - INFO - [Model_1_2] frame_filename: output_frames_video_4/frame_129.jpg
2023-08-11 21:04:55,826 - INFO - [Model_1_1] frame_filename: output_frames_video_5/frame_48.jpg
2023-08-11 21:04:59,550 - INFO - [Model_1_2] frame_filename: output_frames_video_4/frame_143.jpg
2023-08-11 21:05:00,935 - INFO - [Model_1_1] frame_filename: output_frames_video_5/frame_61.jpg
2023-08-11 21:05:02,545 - INFO - [Model_1_2] input_video_path: ../input_videos/video_6.mp4
2023-08-11 21:05:02,545 - INFO - [Model_1_2] output_video_path: ../output_videos/processed_video_6.mp4
2023-08-11 21:05:02,550 - INFO - [Model_1_1] rate: 0.044
2023-08-11 21:05:04,599 - INFO - [Model_1_2] frame_filename: output_frames_video_6/frame_18.jpg
2023-08-11 21:05:06,129 - INFO - [Model_1_1] frame_filename: output_frames_video_5/frame_79.jpg
2023-08-11 21:05:09,682 - INFO - [Model_1_2] frame_filename: output_frames_video_6/frame_59.jpg
2023-08-11 21:05:11,276 - INFO - [Model_1_1] frame_filename: output_frames_video_5/frame_96.jpg
2023-08-11 21:05:14,856 - INFO - [Model_1_2] frame_filename: output_frames_video_6/frame_98.jpg
2023-08-11 21:05:16,569 - INFO - [Model_1_1] frame_filename: output_frames_video_5/frame_113.jpg
2023-08-11 21:05:19,933 - INFO - [Model_1_2] frame_filename: output_frames_video_6/frame_135.jpg
2023-08-11 21:05:21,619 - INFO - [Model_1_1] frame_filename: output_frames_video_5/frame_129.jpg
2023-08-11 21:05:25,077 - INFO - [Model_1_2] frame_filename: output_frames_video_6/frame_172.jpg
2023-08-11 21:05:26,715 - INFO - [Model_1_1] frame_filename: output_frames_video_5/frame_151.jpg
2023-08-11 21:05:30,094 - INFO - [Model_1_2] frame_filename: output_frames_video_6/frame_203.jpg
2023-08-11 21:05:31,911 - INFO - [Model_1_1] frame_filename: output_frames_video_5/frame_174.jpg
2023-08-11 21:05:35,264 - INFO - [Model_1_2] frame_filename: output_frames_video_6/frame_235.jpg
2023-08-11 21:05:37,120 - INFO - [Model_1_1] frame_filename: output_frames_video_5/frame_196.jpg
2023-08-11 21:05:40,265 - INFO - [Model_1_2] frame_filename: output_frames_video_6/frame_273.jpg
2023-08-11 21:05:42,407 - INFO - [Model_1_1] frame_filename: output_frames_video_5/frame_214.jpg
2023-08-11 21:05:45,271 - INFO - [Model_1_2] frame_filename: output_frames_video_6/frame_310.jpg
2023-08-11 21:05:47,502 - INFO - [Model_1_1] frame_filename: output_frames_video_5/frame_229.jpg
2023-08-11 21:05:50,333 - INFO - [Model_1_2] frame_filename: output_frames_video_6/frame_349.jpg
2023-08-11 21:05:52,640 - INFO - [Model_1_1] frame_filename: output_frames_video_5/frame_247.jpg
2023-08-11 21:05:55,413 - INFO - [Model_1_2] frame_filename: output_frames_video_6/frame_388.jpg
2023-08-11 21:05:57,841 - INFO - [Model_1_1] frame_filename: output_frames_video_5/frame_262.jpg
2023-08-11 21:06:00,454 - INFO - [Model_1_2] frame_filename: output_frames_video_6/frame_430.jpg
2023-08-11 21:06:03,045 - INFO - [Model_1_1] frame_filename: output_frames_video_5/frame_280.jpg
2023-08-11 21:06:05,555 - INFO - [Model_1_2] frame_filename: output_frames_video_6/frame_473.jpg
2023-08-11 21:06:08,047 - INFO - [Model_1_1] frame_filename: output_frames_video_5/frame_294.jpg
2023-08-11 21:06:10,612 - INFO - [Model_1_2] frame_filename: output_frames_video_6/frame_513.jpg
2023-08-11 21:06:10,691 - INFO - [Model_1_1] input_video_path: ../input_videos/video_7.mp4
2023-08-11 21:06:10,693 - INFO - [Model_1_1] output_video_path: ../output_videos/processed_video_7.mp4
2023-08-11 21:06:10,694 - INFO - [Model_1_1] rate: 0.015
2023-08-11 21:06:13,185 - INFO - [Model_1_1] frame_filename: output_frames_video_7/frame_13.jpg
2023-08-11 21:06:15,779 - INFO - [Model_1_2] frame_filename: output_frames_video_6/frame_554.jpg
2023-08-11 21:06:18,202 - INFO - [Model_1_1] frame_filename: output_frames_video_7/frame_37.jpg
2023-08-11 21:06:20,811 - INFO - [Model_1_2] frame_filename: output_frames_video_6/frame_594.jpg
2023-08-11 21:06:23,218 - INFO - [Model_1_1] frame_filename: output_frames_video_7/frame_60.jpg
2023-08-11 21:06:25,822 - INFO - [Model_1_2] frame_filename: output_frames_video_6/frame_635.jpg
2023-08-11 21:06:26,069 - INFO - [Model_1_2] input_video_path: ../input_videos/video_8.mp4
2023-08-11 21:06:26,070 - INFO - [Model_1_2] output_video_path: ../output_videos/processed_video_8.mp4
2023-08-11 21:06:26,078 - INFO - [Model_1_1] rate: 0.065
2023-08-11 21:06:28,309 - INFO - [Model_1_1] frame_filename: output_frames_video_7/frame_85.jpg
2023-08-11 21:06:30,824 - INFO - [Model_1_2] frame_filename: output_frames_video_8/frame_53.jpg
2023-08-11 21:06:33,465 - INFO - [Model_1_1] frame_filename: output_frames_video_7/frame_111.jpg
2023-08-11 21:06:35,901 - INFO - [Model_1_2] frame_filename: output_frames_video_8/frame_113.jpg
2023-08-11 21:06:38,569 - INFO - [Model_1_1] frame_filename: output_frames_video_7/frame_138.jpg
2023-08-11 21:06:40,938 - INFO - [Model_1_2] frame_filename: output_frames_video_8/frame_172.jpg
2023-08-11 21:06:42,064 - INFO - [Model_1_2] input_video_path: ../input_videos/video_9.mp4
2023-08-11 21:06:42,064 - INFO - [Model_1_2] output_video_path: ../output_videos/processed_video_9.mp4
2023-08-11 21:06:42,065 - INFO - [Model_1_1] rate: 0.063
2023-08-11 21:06:42,878 - INFO - [Model_1_1] input_video_path: ../input_videos/video_10.mp4
2023-08-11 21:06:42,879 - INFO - [Model_1_1] output_video_path: ../output_videos/processed_video_10.mp4
2023-08-11 21:06:42,882 - INFO - [Model_1_1] rate: 1.229
2023-08-11 21:06:43,646 - INFO - [Model_1_1] frame_filename: output_frames_video_10/frame_6.jpg
2023-08-11 21:06:45,954 - INFO - [Model_1_2] frame_filename: output_frames_video_9/frame_35.jpg
2023-08-11 21:06:48,670 - INFO - [Model_1_1] frame_filename: output_frames_video_10/frame_45.jpg
2023-08-11 21:06:50,961 - INFO - [Model_1_2] frame_filename: output_frames_video_9/frame_81.jpg
2023-08-11 21:06:53,724 - INFO - [Model_1_1] frame_filename: output_frames_video_10/frame_85.jpg
2023-08-11 21:06:54,859 - INFO - [Model_1_2] input_video_path: ../input_videos/video_11.mp4
2023-08-11 21:06:54,860 - INFO - [Model_1_2] output_video_path: ../output_videos/processed_video_11.mp4
2023-08-11 21:06:54,866 - INFO - [Model_1_1] rate: 0.083
2023-08-11 21:06:56,046 - INFO - [Model_1_2] frame_filename: output_frames_video_11/frame_14.jpg
2023-08-11 21:06:58,773 - INFO - [Model_1_1] frame_filename: output_frames_video_10/frame_124.jpg
2023-08-11 21:07:00,172 - INFO - [Model_1_2] input_video_path: ../input_videos/video_12.mp4
2023-08-11 21:07:00,172 - INFO - [Model_1_2] output_video_path: ../output_videos/processed_video_12.mp4
2023-08-11 21:07:00,180 - INFO - [Model_1_1] rate: 0.188
2023-08-11 21:07:01,092 - INFO - [Model_1_2] frame_filename: output_frames_video_12/frame_9.jpg
2023-08-11 21:07:03,898 - INFO - [Model_1_1] frame_filename: output_frames_video_10/frame_163.jpg
2023-08-11 21:07:06,156 - INFO - [Model_1_2] frame_filename: output_frames_video_12/frame_55.jpg
2023-08-11 21:07:08,947 - INFO - [Model_1_1] frame_filename: output_frames_video_10/frame_202.jpg
2023-08-11 21:07:11,227 - INFO - [Model_1_2] frame_filename: output_frames_video_12/frame_102.jpg
2023-08-11 21:07:13,997 - INFO - [Model_1_1] frame_filename: output_frames_video_10/frame_241.jpg
2023-08-11 21:07:16,236 - INFO - [Model_1_2] frame_filename: output_frames_video_12/frame_146.jpg
2023-08-11 21:07:18,999 - INFO - [Model_1_1] frame_filename: output_frames_video_10/frame_280.jpg
2023-08-11 21:07:21,247 - INFO - [Model_1_2] frame_filename: output_frames_video_12/frame_190.jpg
2023-08-11 21:07:24,011 - INFO - [Model_1_1] frame_filename: output_frames_video_10/frame_316.jpg
2023-08-11 21:07:26,280 - INFO - [Model_1_2] frame_filename: output_frames_video_12/frame_235.jpg
2023-08-11 21:07:28,088 - INFO - [Model_1_2] input_video_path: ../input_videos/video_13.mp4
2023-08-11 21:07:28,089 - INFO - [Model_1_2] output_video_path: ../output_videos/processed_video_13.mp4
2023-08-11 21:07:28,098 - INFO - [Model_1_1] rate: 0.036
2023-08-11 21:07:29,139 - INFO - [Model_1_1] frame_filename: output_frames_video_10/frame_355.jpg
2023-08-11 21:07:30,594 - INFO - [Model_1_1] input_video_path: ../input_videos/video_14.mp4
2023-08-11 21:07:30,594 - INFO - [Model_1_1] output_video_path: ../output_videos/processed_video_14.mp4
2023-08-11 21:07:30,601 - INFO - [Model_1_1] rate: 0.399
2023-08-11 21:07:31,308 - INFO - [Model_1_2] frame_filename: output_frames_video_13/frame_18.jpg
2023-08-11 21:07:34,149 - INFO - [Model_1_1] frame_filename: output_frames_video_14/frame_36.jpg
2023-08-11 21:07:36,362 - INFO - [Model_1_2] frame_filename: output_frames_video_13/frame_41.jpg
2023-08-11 21:07:39,214 - INFO - [Model_1_1] frame_filename: output_frames_video_14/frame_86.jpg
2023-08-11 21:07:41,452 - INFO - [Model_1_2] frame_filename: output_frames_video_13/frame_67.jpg
2023-08-11 21:07:44,260 - INFO - [Model_1_1] frame_filename: output_frames_video_14/frame_138.jpg
2023-08-11 21:07:44,777 - INFO - [Model_1_1] input_video_path: ../input_videos/video_15.mp4
2023-08-11 21:07:44,778 - INFO - [Model_1_1] output_video_path: ../output_videos/processed_video_15.mp4
2023-08-11 21:07:46,526 - INFO - [Model_1_2] frame_filename: output_frames_video_13/frame_91.jpg
2023-08-11 21:07:49,304 - INFO - [Model_1_1] frame_filename: output_frames_video_15/frame_35.jpg
2023-08-11 21:07:51,541 - INFO - [Model_1_2] frame_filename: output_frames_video_13/frame_113.jpg
2023-08-11 21:07:54,353 - INFO - [Model_1_1] frame_filename: output_frames_video_15/frame_76.jpg
2023-08-11 21:07:56,728 - INFO - [Model_1_2] frame_filename: output_frames_video_13/frame_141.jpg
2023-08-11 21:07:59,381 - INFO - [Model_1_1] frame_filename: output_frames_video_15/frame_115.jpg
2023-08-11 21:08:01,905 - INFO - [Model_1_2] frame_filename: output_frames_video_13/frame_166.jpg
2023-08-11 21:08:04,438 - INFO - [Model_1_1] frame_filename: output_frames_video_15/frame_155.jpg
2023-08-11 21:08:06,929 - INFO - [Model_1_2] frame_filename: output_frames_video_13/frame_189.jpg
2023-08-11 21:08:12,135 - INFO - [Model_1_2] frame_filename: output_frames_video_13/frame_217.jpg
2023-08-11 21:08:17,260 - INFO - [Model_1_2] frame_filename: output_frames_video_13/frame_243.jpg
2023-08-11 21:09:47,530 - INFO - [Model_1_2] end
2023-08-11 21:09:47,531 - INFO - [Model_1_2] self.end_signal.value: 1
2023-08-11 21:09:47,542 - INFO - [Model_1_1] end
2023-08-11 21:09:47,544 - INFO - [Model_1_1] self.end_signal.value: 0
